Determining if the pthread_create exist failed with the following output:
Change Dir: /home/gcn/catkin_ws/build/CMakeFiles/CMakeTmp

Run Build Command:"/usr/bin/make" "cmTC_0c3c8/fast"
/usr/bin/make -f CMakeFiles/cmTC_0c3c8.dir/build.make CMakeFiles/cmTC_0c3c8.dir/build
make[1]: Entering directory '/home/gcn/catkin_ws/build/CMakeFiles/CMakeTmp'
Building C object CMakeFiles/cmTC_0c3c8.dir/CheckSymbolExists.c.o
/usr/bin/cc    -o CMakeFiles/cmTC_0c3c8.dir/CheckSymbolExists.c.o   -c /home/gcn/catkin_ws/build/CMakeFiles/CMakeTmp/CheckSymbolExists.c
Linking C executable cmTC_0c3c8
/usr/bin/cmake -E cmake_link_script CMakeFiles/cmTC_0c3c8.dir/link.txt --verbose=1
/usr/bin/cc      -rdynamic CMakeFiles/cmTC_0c3c8.dir/CheckSymbolExists.c.o  -o cmTC_0c3c8 
CMakeFiles/cmTC_0c3c8.dir/CheckSymbolExists.c.o: In function `main':
CheckSymbolExists.c:(.text+0x14): undefined reference to `pthread_create'
CheckSymbolExists.c:(.text+0x18): undefined reference to `pthread_create'
collect2: error: ld returned 1 exit status
CMakeFiles/cmTC_0c3c8.dir/build.make:97: recipe for target 'cmTC_0c3c8' failed
make[1]: *** [cmTC_0c3c8] Error 1
make[1]: Leaving directory '/home/gcn/catkin_ws/build/CMakeFiles/CMakeTmp'
Makefile:126: recipe for target 'cmTC_0c3c8/fast' failed
make: *** [cmTC_0c3c8/fast] Error 2

File /home/gcn/catkin_ws/build/CMakeFiles/CMakeTmp/CheckSymbolExists.c:
/* */
#include <pthread.h>

int main(int argc, char** argv)
{
  (void)argv;
#ifndef pthread_create
  return ((int*)(&pthread_create))[argc];
#else
  (void)argc;
  return 0;
#endif
}

Determining if the function pthread_create exists in the pthreads failed with the following output:
Change Dir: /home/gcn/catkin_ws/build/CMakeFiles/CMakeTmp

Run Build Command:"/usr/bin/make" "cmTC_95066/fast"
/usr/bin/make -f CMakeFiles/cmTC_95066.dir/build.make CMakeFiles/cmTC_95066.dir/build
make[1]: Entering directory '/home/gcn/catkin_ws/build/CMakeFiles/CMakeTmp'
Building C object CMakeFiles/cmTC_95066.dir/CheckFunctionExists.c.o
/usr/bin/cc   -DCHECK_FUNCTION_EXISTS=pthread_create   -o CMakeFiles/cmTC_95066.dir/CheckFunctionExists.c.o   -c /usr/share/cmake-3.10/Modules/CheckFunctionExists.c
Linking C executable cmTC_95066
/usr/bin/cmake -E cmake_link_script CMakeFiles/cmTC_95066.dir/link.txt --verbose=1
/usr/bin/cc  -DCHECK_FUNCTION_EXISTS=pthread_create    -rdynamic CMakeFiles/cmTC_95066.dir/CheckFunctionExists.c.o  -o cmTC_95066 -lpthreads 
/usr/bin/ld: cannot find -lpthreads
collect2: error: ld returned 1 exit status
CMakeFiles/cmTC_95066.dir/build.make:97: recipe for target 'cmTC_95066' failed
make[1]: *** [cmTC_95066] Error 1
make[1]: Leaving directory '/home/gcn/catkin_ws/build/CMakeFiles/CMakeTmp'
Makefile:126: recipe for target 'cmTC_95066/fast' failed
make: *** [cmTC_95066/fast] Error 2


Determining if the Q_WS_WIN exist failed with the following output:
Change Dir: /home/gcn/catkin_ws/build/CMakeFiles/CMakeTmp

Run Build Command:"/usr/bin/make" "cmTC_d7b00/fast"
make[1]: Entering directory '/home/gcn/catkin_ws/build/CMakeFiles/CMakeTmp'
/usr/bin/make -f CMakeFiles/cmTC_d7b00.dir/build.make CMakeFiles/cmTC_d7b00.dir/build
make[2]: Entering directory '/home/gcn/catkin_ws/build/CMakeFiles/CMakeTmp'
Building CXX object CMakeFiles/cmTC_d7b00.dir/CheckSymbolExists.cxx.o
/usr/bin/c++   -I/usr/include/qt4   -o CMakeFiles/cmTC_d7b00.dir/CheckSymbolExists.cxx.o -c /home/gcn/catkin_ws/build/CMakeFiles/CMakeTmp/CheckSymbolExists.cxx
/home/gcn/catkin_ws/build/CMakeFiles/CMakeTmp/CheckSymbolExists.cxx: In function ‘int main(int, char**)’:
/home/gcn/catkin_ws/build/CMakeFiles/CMakeTmp/CheckSymbolExists.cxx:8:19: error: ‘Q_WS_WIN’ was not declared in this scope
   return ((int*)(&Q_WS_WIN))[argc];
                   ^~~~~~~~
/home/gcn/catkin_ws/build/CMakeFiles/CMakeTmp/CheckSymbolExists.cxx:8:19: note: suggested alternative: ‘Q_WS_X11’
   return ((int*)(&Q_WS_WIN))[argc];
                   ^~~~~~~~
                   Q_WS_X11
CMakeFiles/cmTC_d7b00.dir/build.make:65: recipe for target 'CMakeFiles/cmTC_d7b00.dir/CheckSymbolExists.cxx.o' failed
make[2]: *** [CMakeFiles/cmTC_d7b00.dir/CheckSymbolExists.cxx.o] Error 1
make[2]: Leaving directory '/home/gcn/catkin_ws/build/CMakeFiles/CMakeTmp'
Makefile:126: recipe for target 'cmTC_d7b00/fast' failed
make[1]: *** [cmTC_d7b00/fast] Error 2
make[1]: Leaving directory '/home/gcn/catkin_ws/build/CMakeFiles/CMakeTmp'

File /home/gcn/catkin_ws/build/CMakeFiles/CMakeTmp/CheckSymbolExists.cxx:
/* */
#include <QtCore/qglobal.h>

int main(int argc, char** argv)
{
  (void)argv;
#ifndef Q_WS_WIN
  return ((int*)(&Q_WS_WIN))[argc];
#else
  (void)argc;
  return 0;
#endif
}

Determining if the Q_WS_QWS exist failed with the following output:
Change Dir: /home/gcn/catkin_ws/build/CMakeFiles/CMakeTmp

Run Build Command:"/usr/bin/make" "cmTC_76c66/fast"
make[1]: Entering directory '/home/gcn/catkin_ws/build/CMakeFiles/CMakeTmp'
/usr/bin/make -f CMakeFiles/cmTC_76c66.dir/build.make CMakeFiles/cmTC_76c66.dir/build
make[2]: Entering directory '/home/gcn/catkin_ws/build/CMakeFiles/CMakeTmp'
Building CXX object CMakeFiles/cmTC_76c66.dir/CheckSymbolExists.cxx.o
/usr/bin/c++   -I/usr/include/qt4   -o CMakeFiles/cmTC_76c66.dir/CheckSymbolExists.cxx.o -c /home/gcn/catkin_ws/build/CMakeFiles/CMakeTmp/CheckSymbolExists.cxx
/home/gcn/catkin_ws/build/CMakeFiles/CMakeTmp/CheckSymbolExists.cxx: In function ‘int main(int, char**)’:
/home/gcn/catkin_ws/build/CMakeFiles/CMakeTmp/CheckSymbolExists.cxx:8:19: error: ‘Q_WS_QWS’ was not declared in this scope
   return ((int*)(&Q_WS_QWS))[argc];
                   ^~~~~~~~
/home/gcn/catkin_ws/build/CMakeFiles/CMakeTmp/CheckSymbolExists.cxx:8:19: note: suggested alternative: ‘Q_WS_X11’
   return ((int*)(&Q_WS_QWS))[argc];
                   ^~~~~~~~
                   Q_WS_X11
CMakeFiles/cmTC_76c66.dir/build.make:65: recipe for target 'CMakeFiles/cmTC_76c66.dir/CheckSymbolExists.cxx.o' failed
make[2]: *** [CMakeFiles/cmTC_76c66.dir/CheckSymbolExists.cxx.o] Error 1
make[2]: Leaving directory '/home/gcn/catkin_ws/build/CMakeFiles/CMakeTmp'
Makefile:126: recipe for target 'cmTC_76c66/fast' failed
make[1]: *** [cmTC_76c66/fast] Error 2
make[1]: Leaving directory '/home/gcn/catkin_ws/build/CMakeFiles/CMakeTmp'

File /home/gcn/catkin_ws/build/CMakeFiles/CMakeTmp/CheckSymbolExists.cxx:
/* */
#include <QtCore/qglobal.h>

int main(int argc, char** argv)
{
  (void)argv;
#ifndef Q_WS_QWS
  return ((int*)(&Q_WS_QWS))[argc];
#else
  (void)argc;
  return 0;
#endif
}

Determining if the Q_WS_MAC exist failed with the following output:
Change Dir: /home/gcn/catkin_ws/build/CMakeFiles/CMakeTmp

Run Build Command:"/usr/bin/make" "cmTC_91eb6/fast"
make[1]: Entering directory '/home/gcn/catkin_ws/build/CMakeFiles/CMakeTmp'
/usr/bin/make -f CMakeFiles/cmTC_91eb6.dir/build.make CMakeFiles/cmTC_91eb6.dir/build
make[2]: Entering directory '/home/gcn/catkin_ws/build/CMakeFiles/CMakeTmp'
Building CXX object CMakeFiles/cmTC_91eb6.dir/CheckSymbolExists.cxx.o
/usr/bin/c++   -I/usr/include/qt4   -o CMakeFiles/cmTC_91eb6.dir/CheckSymbolExists.cxx.o -c /home/gcn/catkin_ws/build/CMakeFiles/CMakeTmp/CheckSymbolExists.cxx
/home/gcn/catkin_ws/build/CMakeFiles/CMakeTmp/CheckSymbolExists.cxx: In function ‘int main(int, char**)’:
/home/gcn/catkin_ws/build/CMakeFiles/CMakeTmp/CheckSymbolExists.cxx:8:19: error: ‘Q_WS_MAC’ was not declared in this scope
   return ((int*)(&Q_WS_MAC))[argc];
                   ^~~~~~~~
/home/gcn/catkin_ws/build/CMakeFiles/CMakeTmp/CheckSymbolExists.cxx:8:19: note: suggested alternative: ‘Q_WS_X11’
   return ((int*)(&Q_WS_MAC))[argc];
                   ^~~~~~~~
                   Q_WS_X11
CMakeFiles/cmTC_91eb6.dir/build.make:65: recipe for target 'CMakeFiles/cmTC_91eb6.dir/CheckSymbolExists.cxx.o' failed
make[2]: *** [CMakeFiles/cmTC_91eb6.dir/CheckSymbolExists.cxx.o] Error 1
make[2]: Leaving directory '/home/gcn/catkin_ws/build/CMakeFiles/CMakeTmp'
Makefile:126: recipe for target 'cmTC_91eb6/fast' failed
make[1]: *** [cmTC_91eb6/fast] Error 2
make[1]: Leaving directory '/home/gcn/catkin_ws/build/CMakeFiles/CMakeTmp'

File /home/gcn/catkin_ws/build/CMakeFiles/CMakeTmp/CheckSymbolExists.cxx:
/* */
#include <QtCore/qglobal.h>

int main(int argc, char** argv)
{
  (void)argv;
#ifndef Q_WS_MAC
  return ((int*)(&Q_WS_MAC))[argc];
#else
  (void)argc;
  return 0;
#endif
}

